2025-08-09 10:19:28,758 - __main__ - INFO - Voice Assistant initialized
2025-08-09 10:19:28,758 - __main__ - INFO - Starting Voice Assistant...
2025-08-09 10:19:28,758 - __main__ - INFO - Wake word: 'jarvis'
2025-08-09 10:19:28,758 - __main__ - INFO - Stop phrases: ['stop listening', 'goodbye', 'exit', 'quit']
2025-08-09 10:19:28,759 - __main__ - INFO - Say 'Ctrl+C' to quit or use stop phrases
2025-08-09 10:19:28,759 - __main__ - INFO - Listening for wake word: 'jarvis'
2025-08-09 10:19:36,067 - __main__ - INFO - Wake word detected!
2025-08-09 10:19:36,067 - __main__ - INFO - Listening for command...
2025-08-09 10:19:41,292 - __main__ - INFO - Command captured: Jarvis start the car
2025-08-09 10:19:41,514 - __main__ - INFO - Successfully sent to webhook: Jarvis start the car
2025-08-09 10:20:51,132 - __main__ - INFO - Wake word detected!
2025-08-09 10:20:51,132 - __main__ - INFO - Listening for command...
2025-08-09 10:20:56,628 - __main__ - WARNING - No command received within timeout period
2025-08-09 10:21:10,099 - __main__ - INFO - Wake word detected!
2025-08-09 10:21:10,100 - __main__ - INFO - Listening for command...
2025-08-09 10:21:16,052 - __main__ - INFO - Command captured: play music
2025-08-09 10:21:16,231 - __main__ - INFO - Successfully sent to webhook: play music
2025-08-09 10:23:44,811 - __main__ - INFO - Interrupted by user
2025-08-09 10:23:44,811 - __main__ - INFO - Voice Assistant stopped
2025-08-09 10:23:51,693 - __main__ - INFO - Voice Assistant initialized
2025-08-09 10:23:51,693 - __main__ - INFO - Starting Voice Assistant...
2025-08-09 10:23:51,693 - __main__ - INFO - Wake word: 'jarvis'
2025-08-09 10:23:51,693 - __main__ - INFO - Stop phrases: ['stop listening', 'goodbye', 'exit', 'quit']
2025-08-09 10:23:51,693 - __main__ - INFO - Say 'Ctrl+C' to quit or use stop phrases
2025-08-09 10:23:51,693 - __main__ - INFO - Listening for wake word: 'jarvis'
2025-08-09 10:24:02,062 - __main__ - INFO - Wake word detected!
2025-08-09 10:24:02,062 - __main__ - INFO - Listening for command...
2025-08-09 10:24:07,558 - __main__ - WARNING - No command received within timeout period
2025-08-09 10:24:15,096 - __main__ - INFO - Wake word detected!
2025-08-09 10:24:15,096 - __main__ - INFO - Listening for command...
2025-08-09 10:24:18,833 - __main__ - INFO - Command captured: turn on Max's office
2025-08-09 10:24:18,993 - __main__ - INFO - Successfully sent to webhook: turn on Max's office
2025-08-09 10:24:45,737 - __main__ - INFO - Interrupted by user
2025-08-09 10:24:45,738 - __main__ - INFO - Voice Assistant stopped
2025-08-09 10:35:00,074 - __main__ - INFO - Voice Assistant initialized
2025-08-09 10:35:00,074 - __main__ - INFO - Starting Voice Assistant...
2025-08-09 10:35:00,074 - __main__ - INFO - Wake word: 'jarvis'
2025-08-09 10:35:00,075 - __main__ - INFO - Stop phrases: ['stop listening', 'goodbye', 'exit', 'quit']
2025-08-09 10:35:00,075 - __main__ - INFO - Say 'Ctrl+C' to quit or use stop phrases
2025-08-09 10:35:00,075 - __main__ - INFO - Listening for wake word: 'jarvis'
2025-08-09 10:35:27,179 - __main__ - INFO - Wake word detected!
2025-08-09 10:35:27,460 - __main__ - INFO - Listening for command...
2025-08-09 10:35:33,672 - __main__ - WARNING - No command received within timeout period
2025-08-09 10:35:42,923 - __main__ - INFO - Wake word detected!
2025-08-09 10:35:43,207 - __main__ - INFO - Listening for command...
2025-08-09 10:35:50,258 - __main__ - WARNING - Could not understand the command
2025-08-09 10:36:41,587 - __main__ - INFO - Interrupted by user
2025-08-09 10:36:41,588 - __main__ - INFO - Voice Assistant stopped
2025-08-09 11:02:19,132 - __main__ - INFO - Voice Assistant initialized
2025-08-09 11:02:19,133 - __main__ - INFO - Starting Voice Assistant...
2025-08-09 11:02:19,133 - __main__ - INFO - Wake word: 'jarvis'
2025-08-09 11:02:19,133 - __main__ - INFO - Stop phrases: ['stop listening', 'goodbye', 'exit', 'quit']
2025-08-09 11:02:19,133 - __main__ - INFO - Say 'Ctrl+C' to quit or use stop phrases
2025-08-09 11:02:19,133 - __main__ - INFO - Listening for wake word: 'jarvis'
2025-08-09 11:02:27,118 - __main__ - INFO - Wake word detected!
2025-08-09 11:02:28,802 - __main__ - INFO - Listening for command...
2025-08-09 11:02:35,818 - __main__ - INFO - Command captured: Jarvis say hello
2025-08-09 11:02:36,030 - __main__ - INFO - Successfully sent to webhook: Jarvis say hello
2025-08-09 11:02:44,538 - __main__ - INFO - Wake word detected!
2025-08-09 11:02:46,216 - __main__ - INFO - Listening for command...
2025-08-09 11:02:51,995 - __main__ - INFO - Command captured: start toaster
2025-08-09 11:02:52,197 - __main__ - INFO - Successfully sent to webhook: start toaster
2025-08-09 11:02:56,926 - __main__ - INFO - Wake word detected!
2025-08-09 11:02:58,614 - __main__ - INFO - Listening for command...
2025-08-09 11:03:02,851 - __main__ - INFO - Command captured: turn on Max's office lights
2025-08-09 11:03:03,031 - __main__ - INFO - Successfully sent to webhook: turn on Max's office lights
2025-08-09 11:03:51,107 - __main__ - INFO - Wake word detected!
2025-08-09 11:03:52,791 - __main__ - INFO - Listening for command...
2025-08-09 11:03:59,822 - __main__ - INFO - Command captured: what time is it
2025-08-09 11:04:00,015 - __main__ - INFO - Successfully sent to webhook: what time is it
2025-08-09 11:04:52,762 - __main__ - INFO - Interrupted by user
2025-08-09 11:04:52,762 - __main__ - INFO - Voice Assistant stopped
2025-08-09 11:04:56,633 - __main__ - INFO - Voice Assistant initialized
2025-08-09 11:04:56,633 - __main__ - INFO - Starting Voice Assistant...
2025-08-09 11:04:56,633 - __main__ - INFO - Wake word: 'jarvis'
2025-08-09 11:04:56,633 - __main__ - INFO - Stop phrases: ['stop listening', 'goodbye', 'exit', 'quit']
2025-08-09 11:04:56,634 - __main__ - INFO - Say 'Ctrl+C' to quit or use stop phrases
2025-08-09 11:04:56,634 - __main__ - INFO - Listening for wake word: 'jarvis'
2025-08-09 11:05:09,999 - __main__ - INFO - Wake word detected!
2025-08-09 11:05:10,480 - __main__ - INFO - Listening for command...
2025-08-09 11:05:13,051 - __main__ - INFO - Command captured: what time is it
2025-08-09 11:05:13,240 - __main__ - INFO - Successfully sent to webhook: what time is it
2025-08-09 11:05:20,558 - __main__ - INFO - Wake word detected!
2025-08-09 11:05:21,043 - __main__ - INFO - Listening for command...
2025-08-09 11:05:24,055 - __main__ - INFO - Command captured: turn on printer
2025-08-09 11:05:24,248 - __main__ - INFO - Successfully sent to webhook: turn on printer
2025-08-09 11:05:41,080 - __main__ - INFO - Wake word detected!
2025-08-09 11:05:41,566 - __main__ - INFO - Listening for command...
2025-08-09 11:05:45,076 - __main__ - INFO - Command captured: quit
2025-08-09 11:05:45,076 - __main__ - INFO - Stop phrase detected
2025-08-09 11:05:45,076 - __main__ - INFO - Voice Assistant stopped
2025-08-09 11:05:45,076 - __main__ - INFO - Voice Assistant stopped
2025-08-09 11:20:15,853 - __main__ - INFO - Voice Assistant initialized
2025-08-09 11:20:15,853 - __main__ - INFO - Starting Voice Assistant...
2025-08-09 11:20:15,853 - __main__ - INFO - Wake word: 'jarvis'
2025-08-09 11:20:15,853 - __main__ - INFO - Stop phrases: ['stop listening', 'goodbye', 'exit', 'quit']
2025-08-09 11:20:15,853 - __main__ - INFO - Say 'Ctrl+C' to quit or use stop phrases
2025-08-09 11:20:15,853 - __main__ - INFO - Listening for wake word: 'jarvis'
2025-08-09 11:20:28,046 - __main__ - INFO - Wake word detected!
2025-08-09 11:20:28,518 - __main__ - INFO - Listening for command...
2025-08-09 11:20:32,420 - __main__ - INFO - Command captured: what time is it
2025-08-09 11:20:32,648 - __main__ - INFO - Successfully sent to webhook: what time is it
2025-08-09 11:20:59,005 - __main__ - INFO - Wake word detected!
2025-08-09 11:20:59,488 - __main__ - INFO - Listening for command...
2025-08-09 11:21:02,663 - __main__ - INFO - Command captured: turn on Max's office
2025-08-09 11:21:02,836 - __main__ - INFO - Successfully sent to webhook: turn on Max's office
2025-08-09 11:22:16,984 - __main__ - INFO - Wake word detected!
2025-08-09 11:22:17,460 - __main__ - INFO - Listening for command...
2025-08-09 11:22:22,947 - __main__ - WARNING - No command received within timeout period
2025-08-09 11:23:37,225 - __main__ - INFO - Wake word detected!
2025-08-09 11:23:37,699 - __main__ - INFO - Listening for command...
2025-08-09 11:23:40,071 - __main__ - INFO - Command captured: what time is it
2025-08-09 11:23:40,263 - __main__ - INFO - Successfully sent to webhook: what time is it
2025-08-09 11:25:02,852 - __main__ - INFO - Wake word detected!
2025-08-09 11:25:03,333 - __main__ - INFO - Listening for command...
2025-08-09 11:25:06,362 - __main__ - INFO - Command captured: what time is it
2025-08-09 11:25:06,537 - __main__ - INFO - Successfully sent to webhook: what time is it
2025-08-09 11:27:00,463 - __main__ - INFO - Wake word detected!
2025-08-09 11:27:00,941 - __main__ - INFO - Listening for command...
2025-08-09 11:27:03,511 - __main__ - INFO - Command captured: what time is it
2025-08-09 11:27:03,739 - __main__ - INFO - Successfully sent to webhook: what time is it
2025-08-09 11:28:11,968 - __main__ - ERROR - Error in wake word detection: [WinError 10060] A connection attempt failed because the connected party did not properly respond after a period of time, or established connection failed because connected host has failed to respond
2025-08-09 11:30:13,215 - __main__ - INFO - Wake word detected!
2025-08-09 11:30:13,690 - __main__ - INFO - Listening for command...
2025-08-09 11:30:16,790 - __main__ - INFO - Command captured: turn off Max's office
2025-08-09 11:30:16,988 - __main__ - INFO - Successfully sent to webhook: turn off Max's office
2025-08-09 11:31:08,241 - __main__ - INFO - Wake word detected!
2025-08-09 11:31:08,713 - __main__ - INFO - Listening for command...
2025-08-09 11:31:12,231 - __main__ - INFO - Command captured: turn off Max's office
2025-08-09 11:31:12,423 - __main__ - INFO - Successfully sent to webhook: turn off Max's office
2025-08-09 11:35:12,158 - __main__ - INFO - Wake word detected!
2025-08-09 11:35:12,627 - __main__ - INFO - Listening for command...
2025-08-09 11:35:18,564 - __main__ - INFO - Command captured: quit
2025-08-09 11:35:18,564 - __main__ - INFO - Stop phrase detected
2025-08-09 11:35:18,564 - __main__ - INFO - Voice Assistant stopped
2025-08-09 11:35:18,564 - __main__ - INFO - Voice Assistant stopped
2025-08-09 11:39:22,741 - __main__ - INFO - Voice Assistant initialized
2025-08-09 11:39:22,741 - __main__ - INFO - Starting Voice Assistant...
2025-08-09 11:39:22,741 - __main__ - INFO - Wake word: 'jarvis'
2025-08-09 11:39:22,741 - __main__ - INFO - Stop phrases: ['stop listening', 'goodbye', 'exit', 'quit']
2025-08-09 11:39:22,741 - __main__ - INFO - Say 'Ctrl+C' to quit or use stop phrases
2025-08-09 11:39:22,741 - __main__ - INFO - Listening for wake word: 'jarvis'
2025-08-09 11:39:31,546 - __main__ - INFO - Wake word detected!
2025-08-09 11:39:32,026 - __main__ - INFO - Listening for command...
2025-08-09 11:39:35,387 - __main__ - INFO - Command captured: turn on Max's office
2025-08-09 11:39:35,597 - __main__ - INFO - Successfully sent to webhook: turn on Max's office
2025-08-09 11:40:00,105 - __main__ - INFO - Wake word detected!
2025-08-09 11:40:00,582 - __main__ - INFO - Listening for command...
2025-08-09 11:40:03,305 - __main__ - INFO - Command captured: what time is it
2025-08-09 11:40:03,495 - __main__ - INFO - Successfully sent to webhook: what time is it
2025-08-09 11:42:24,326 - __main__ - INFO - Wake word detected!
2025-08-09 11:42:24,801 - __main__ - INFO - Listening for command...
2025-08-09 11:42:28,870 - __main__ - INFO - Command captured: what time is it
2025-08-09 11:42:29,047 - __main__ - INFO - Successfully sent to webhook: what time is it
2025-08-09 11:44:16,069 - __main__ - INFO - Wake word detected!
2025-08-09 11:44:16,543 - __main__ - INFO - Listening for command...
2025-08-09 11:44:21,396 - __main__ - INFO - Command captured: stop listening
2025-08-09 11:44:21,396 - __main__ - INFO - Stop phrase detected
2025-08-09 11:44:21,396 - __main__ - INFO - Voice Assistant stopped
2025-08-09 11:44:21,397 - __main__ - INFO - Voice Assistant stopped
